<?xml version="1.0" encoding="UTF-8"?>
<testsuite name="cnav.gipur.pci.batch.repository.JdbcRepositoryTest" time="0.724" tests="2" errors="0" skipped="0" failures="0">
  <properties>
    <property name="java.runtime.name" value="Java(TM) SE Runtime Environment"/>
    <property name="sun.boot.library.path" value="C:\usine-dev\programs\jdk\jdk-1.8.0_73\jre\bin"/>
    <property name="java.vm.version" value="25.73-b02"/>
    <property name="java.vm.vendor" value="Oracle Corporation"/>
    <property name="maven.multiModuleProjectDirectory" value="D:\workspace\generator-profil-batch"/>
    <property name="java.vendor.url" value="http://java.oracle.com/"/>
    <property name="path.separator" value=";"/>
    <property name="guice.disable.misplaced.annotation.check" value="true"/>
    <property name="java.vm.name" value="Java HotSpot(TM) 64-Bit Server VM"/>
    <property name="file.encoding.pkg" value="sun.io"/>
    <property name="user.script" value=""/>
    <property name="user.country" value="FR"/>
    <property name="sun.java.launcher" value="SUN_STANDARD"/>
    <property name="sun.os.patch.level" value="Service Pack 1"/>
    <property name="java.vm.specification.name" value="Java Virtual Machine Specification"/>
    <property name="user.dir" value="D:\workspace\generator-profil-batch"/>
    <property name="java.runtime.version" value="1.8.0_73-b02"/>
    <property name="java.awt.graphicsenv" value="sun.awt.Win32GraphicsEnvironment"/>
    <property name="java.endorsed.dirs" value="C:\usine-dev\programs\jdk\jdk-1.8.0_73\jre\lib\endorsed"/>
    <property name="os.arch" value="amd64"/>
    <property name="java.io.tmpdir" value="C:\Users\zx00134\AppData\Local\Temp\"/>
    <property name="line.separator" value="&#10;"/>
    <property name="java.vm.specification.vendor" value="Oracle Corporation"/>
    <property name="user.variant" value=""/>
    <property name="os.name" value="Windows 7"/>
    <property name="classworlds.conf" value="D:\workspace\.metadata\.plugins\org.eclipse.m2e.launching\launches\m2conf620161768648236428.tmp"/>
    <property name="sun.jnu.encoding" value="Cp1252"/>
    <property name="java.library.path" value="C:\usine-dev\programs\jdk\jdk-1.8.0_73\bin;C:\Windows\Sun\Java\bin;C:\Windows\system32;C:\Windows;C:/usine-dev/programs/jdk/jdk-1.8.0_73/bin/../jre/bin/server;C:/usine-dev/programs/jdk/jdk-1.8.0_73/bin/../jre/bin;C:/usine-dev/programs/jdk/jdk-1.8.0_73/bin/../jre/lib/amd64;c:\usine-dev\programs\tools\GitSCM-2.9.0\bin\;c:\usine-dev\programs\tools\NodeJS-4.4.5\npm\;c:\usine-dev\programs\tools\NodeJS-4.4.5\;c:\usine-dev\programs\tools\GitSCM-2.9.0\bin;c:\usine-dev\programs\tools\NodeJS-4.4.5;c:\usine-dev\programs\jdk\jdk-1.7.0_79\jre\bin;c:\usine-dev\programs\jdk\jdk-1.7.0_79\bin;C:\ProgramData\Oracle\Java\javapath;C:\Windows\system32;C:\Windows;C:\Windows\System32\Wbem;C:\Windows\System32\WindowsPowerShell\v1.0\;C:\usine-dev\programs\maven\maven-3.0.4\bin;C:\usine-dev\programs\maven\maven-3.3.1\bin;c:\Program Files\TortoiseSVN\bin;C:\sonar-scanner\bin;C:\phantomjs-2.1.1\bin\phantomjs;C:\phantomjs-2.1.1\bin\phantomjs;C:\phantomjs-2.1.1\bin;C:\Program Files\Git\cmd;C:\usine-dev\programs\tools\svn-1.8.13;C:\Users\zx00134\Documents\eclipse-jeremy;;."/>
    <property name="java.specification.name" value="Java Platform API Specification"/>
    <property name="java.class.version" value="52.0"/>
    <property name="sun.management.compiler" value="HotSpot 64-Bit Tiered Compilers"/>
    <property name="os.version" value="6.1"/>
    <property name="user.home" value="C:\Users\zx00134"/>
    <property name="user.timezone" value="Europe/Paris"/>
    <property name="java.awt.printerjob" value="sun.awt.windows.WPrinterJob"/>
    <property name="java.specification.version" value="1.8"/>
    <property name="file.encoding" value="UTF-8"/>
    <property name="user.name" value="zx00134"/>
    <property name="java.class.path" value="C:\usine-dev\programs\maven\maven-3.3.1\boot\plexus-classworlds-2.5.2.jar"/>
    <property name="java.vm.specification.version" value="1.8"/>
    <property name="sun.arch.data.model" value="64"/>
    <property name="java.home" value="C:\usine-dev\programs\jdk\jdk-1.8.0_73\jre"/>
    <property name="sun.java.command" value="org.codehaus.plexus.classworlds.launcher.Launcher -B install"/>
    <property name="java.specification.vendor" value="Oracle Corporation"/>
    <property name="user.language" value="fr"/>
    <property name="awt.toolkit" value="sun.awt.windows.WToolkit"/>
    <property name="java.vm.info" value="mixed mode"/>
    <property name="java.version" value="1.8.0_73"/>
    <property name="java.ext.dirs" value="C:\usine-dev\programs\jdk\jdk-1.8.0_73\jre\lib\ext;C:\Windows\Sun\Java\lib\ext"/>
    <property name="sun.boot.class.path" value="C:\usine-dev\programs\jdk\jdk-1.8.0_73\jre\lib\resources.jar;C:\usine-dev\programs\jdk\jdk-1.8.0_73\jre\lib\rt.jar;C:\usine-dev\programs\jdk\jdk-1.8.0_73\jre\lib\sunrsasign.jar;C:\usine-dev\programs\jdk\jdk-1.8.0_73\jre\lib\jsse.jar;C:\usine-dev\programs\jdk\jdk-1.8.0_73\jre\lib\jce.jar;C:\usine-dev\programs\jdk\jdk-1.8.0_73\jre\lib\charsets.jar;C:\usine-dev\programs\jdk\jdk-1.8.0_73\jre\lib\jfr.jar;C:\usine-dev\programs\jdk\jdk-1.8.0_73\jre\classes"/>
    <property name="java.vendor" value="Oracle Corporation"/>
    <property name="maven.home" value="C:\usine-dev\programs\maven\maven-3.3.1"/>
    <property name="file.separator" value="\"/>
    <property name="java.vendor.url.bug" value="http://bugreport.sun.com/bugreport/"/>
    <property name="sun.cpu.endian" value="little"/>
    <property name="sun.io.unicode.encoding" value="UnicodeLittle"/>
    <property name="sun.desktop" value="windows"/>
    <property name="sun.cpu.isalist" value="amd64"/>
  </properties>
  <testcase name="findFcTransitionByNirTest" classname="cnav.gipur.pci.batch.repository.JdbcRepositoryTest" time="0.689"/>
  <testcase name="findPciAccessByNirTest" classname="cnav.gipur.pci.batch.repository.JdbcRepositoryTest" time="0.035"/>
</testsuite>