<?xml version="1.0" encoding="UTF-8"?>
<beans xmlns="http://www.springframework.org/schema/beans"
	xmlns:p="http://www.springframework.org/schema/p" xmlns:xsi="http://www.w3.org/2001/XMLSchema-instance"
	xsi:schemaLocation="http://www.springframework.org/schema/beans
       	http://www.springframework.org/schema/beans/spring-beans.xsd">

	<!--import resource="classpath*:/launch-context.xml"/ -->
	<!--<context:annotation-config/> -->
	<bean class="org.springframework.batch.test.JobLauncherTestUtils" />

	<bean id="jobRepository"
		class="org.springframework.batch.core.repository.support.MapJobRepositoryFactoryBean"
		p:transactionManager-ref="transactionManager" />
	<!-- parametres externes -->
	<bean id="placeholderProperties"
		class="org.springframework.beans.factory.config.PropertyPlaceholderConfigurer">
		<property name="locations">
			<list>
				<value>classpath:batch-default.properties</value>
				<value>classpath:datasource.properties</value>
				<value>classpath:csv.properties</value>
			</list>
		</property>
		<property name="systemPropertiesModeName" value="SYSTEM_PROPERTIES_MODE_OVERRIDE" />
		<property name="fileEncoding" value="UTF-8" />
		<property name="ignoreUnresolvablePlaceholders" value="true" />
		<property name="order" value="1" />
	</bean>

</beans>
